<?xml version="1.0" encoding="UTF-8"?>
<testExecutions version="1">
  <file path="/Users/sanjughandhi/Documents/TSI /ts is shit/TS is shit with Vite/Movie/test/link.test.js">
    <testCase name="changes the class when hovered" duration="7"/>
  </file>
</testExecutions>