<?xml version="1.0" encoding="UTF-8"?>
<testExecutions version="1">
  <file path="/Users/sanjughandhi/Documents/TSI /React App/Movie/test/user.input.test.ts">
    <testCase name="updates state on user input" duration="8"/>
  </file>
</testExecutions>